-------------------------------------------------------------------------------
Test set: com.score.dbtracer.JQLParseServiceTest
-------------------------------------------------------------------------------
Tests run: 1, Failures: 0, Errors: 1, Skipped: 0, Time elapsed: 1.382 s <<< FAILURE! - in com.score.dbtracer.JQLParseServiceTest
parseTest(com.score.dbtracer.JQLParseServiceTest)  Time elapsed: 0 s  <<< ERROR!
java.lang.IllegalStateException: Failed to load ApplicationContext
Caused by: org.springframework.beans.factory.UnsatisfiedDependencyException: Error creating bean with name 'parseServiceImpl': Unsatisfied dependency expressed through field 'parser'; nested exception is org.springframework.beans.factory.NoSuchBeanDefinitionException: No qualifying bean of type 'net.sf.jsqlparser.parser.JSqlParser' available: expected at least 1 bean which qualifies as autowire candidate. Dependency annotations: {@org.springframework.beans.factory.annotation.Autowired(required=true)}
Caused by: org.springframework.beans.factory.NoSuchBeanDefinitionException: No qualifying bean of type 'net.sf.jsqlparser.parser.JSqlParser' available: expected at least 1 bean which qualifies as autowire candidate. Dependency annotations: {@org.springframework.beans.factory.annotation.Autowired(required=true)}

